c:\users\mit\desktop\gameengine-master\gameengine\debug\vc140.pdb
c:\users\mit\desktop\gameengine-master\gameengine\debug\vc140.idb
c:\users\mit\desktop\gameengine-master\gameengine\debug\modeltexture.obj
c:\users\mit\desktop\gameengine-master\gameengine\debug\mousepicker.obj
c:\users\mit\desktop\gameengine-master\gameengine\debug\objloader.obj
c:\users\mit\desktop\gameengine-master\gameengine\debug\player.obj
c:\users\mit\desktop\gameengine-master\gameengine\debug\rawmodel.obj
c:\users\mit\desktop\gameengine-master\gameengine\debug\rendermaster.obj
c:\users\mit\desktop\gameengine-master\gameengine\debug\rendrer.obj
c:\users\mit\desktop\gameengine-master\gameengine\debug\shader.obj
c:\users\mit\desktop\gameengine-master\gameengine\debug\skyboxrenderer.obj
c:\users\mit\desktop\gameengine-master\gameengine\debug\skyboxshader.obj
c:\users\mit\desktop\gameengine-master\gameengine\debug\staticshader.obj
c:\users\mit\desktop\gameengine-master\gameengine\debug\terrain.obj
c:\users\mit\desktop\gameengine-master\gameengine\debug\terrainrenderer.obj
c:\users\mit\desktop\gameengine-master\gameengine\debug\terrainshader.obj
c:\users\mit\desktop\gameengine-master\gameengine\debug\terraintexturepack.obj
c:\users\mit\desktop\gameengine-master\gameengine\debug\texturemodel.obj
c:\users\mit\desktop\gameengine-master\gameengine\debug\waterframebuffer.obj
c:\users\mit\desktop\gameengine-master\gameengine\debug\waterrenderer.obj
c:\users\mit\desktop\gameengine-master\gameengine\debug\watershader.obj
c:\users\mit\desktop\gameengine-master\gameengine\debug\watertile.obj
c:\users\mit\desktop\gameengine-master\gameengine\debug\camera.obj
c:\users\mit\desktop\gameengine-master\gameengine\debug\entity.obj
c:\users\mit\desktop\gameengine-master\gameengine\debug\guirenderer.obj
c:\users\mit\desktop\gameengine-master\gameengine\debug\guishader.obj
c:\users\mit\desktop\gameengine-master\gameengine\debug\light.obj
c:\users\mit\desktop\gameengine-master\gameengine\debug\loader.obj
c:\users\mit\desktop\gameengine-master\gameengine\debug\main.obj
c:\users\mit\desktop\gameengine-master\gameengine\debug\mats.obj
c:\users\mit\desktop\gameengine-master\gameengine\debug\gameengine.ilk
c:\users\mit\desktop\gameengine-master\gameengine\debug\gameengine.exe
c:\users\mit\desktop\gameengine-master\gameengine\debug\gameengine.pdb
c:\users\mit\desktop\gameengine-master\gameengine\debug\gameengine.tlog\cl.command.1.tlog
c:\users\mit\desktop\gameengine-master\gameengine\debug\gameengine.tlog\cl.read.1.tlog
c:\users\mit\desktop\gameengine-master\gameengine\debug\gameengine.tlog\cl.write.1.tlog
c:\users\mit\desktop\gameengine-master\gameengine\debug\gameengine.tlog\link.command.1.tlog
c:\users\mit\desktop\gameengine-master\gameengine\debug\gameengine.tlog\link.read.1.tlog
c:\users\mit\desktop\gameengine-master\gameengine\debug\gameengine.tlog\link.write.1.tlog
