  main.cpp
d:\gameengine cpp\gameengine\gameengine\player.h(12): warning C4305: 'initializing': truncation from 'double' to 'const float'
d:\gameengine cpp\gameengine\gameengine\camera.h(10): warning C4305: 'initializing': truncation from 'double' to 'float'
d:\gameengine cpp\gameengine\gameengine\staticshader.h(42): warning C4018: '<': signed/unsigned mismatch
d:\gameengine cpp\gameengine\gameengine\terrainshader.h(43): warning C4018: '<': signed/unsigned mismatch
d:\gameengine cpp\gameengine\gameengine\main.cpp(152): warning C4244: '=': conversion from 'int' to 'float', possible loss of data
d:\gameengine cpp\gameengine\gameengine\main.cpp(153): warning C4244: '=': conversion from 'int' to 'float', possible loss of data
d:\gameengine cpp\gameengine\gameengine\main.cpp(159): warning C4244: 'argument': conversion from 'double' to 'float', possible loss of data
d:\gameengine cpp\gameengine\gameengine\main.cpp(175): warning C4305: 'argument': truncation from 'double' to 'float'
d:\gameengine cpp\gameengine\gameengine\main.cpp(250): warning C4244: '+=': conversion from 'double' to 'float', possible loss of data
d:\gameengine cpp\gameengine\gameengine\main.cpp(254): warning C4244: '-=': conversion from 'double' to 'float', possible loss of data
d:\gameengine cpp\gameengine\gameengine\main.cpp(263): warning C4244: '-=': conversion from 'double' to 'float', possible loss of data
d:\gameengine cpp\gameengine\gameengine\main.cpp(267): warning C4244: '-=': conversion from 'double' to 'float', possible loss of data
  Generating Code...
  Compiling...
  objLoader.cpp
d:\gameengine cpp\gameengine\gameengine\player.h(12): warning C4305: 'initializing': truncation from 'double' to 'const float'
d:\gameengine cpp\gameengine\gameengine\camera.h(10): warning C4305: 'initializing': truncation from 'double' to 'float'
d:\gameengine cpp\gameengine\gameengine\staticshader.h(42): warning C4018: '<': signed/unsigned mismatch
d:\gameengine cpp\gameengine\gameengine\objloader.cpp(57): warning C4996: 'fopen': This function or variable may be unsafe. Consider using fopen_s instead. To disable deprecation, use _CRT_SECURE_NO_WARNINGS. See online help for details.
  c:\program files (x86)\windows kits\10\include\10.0.10240.0\ucrt\stdio.h(205): note: see declaration of 'fopen'
d:\gameengine cpp\gameengine\gameengine\objloader.cpp(68): warning C4996: 'fscanf': This function or variable may be unsafe. Consider using fscanf_s instead. To disable deprecation, use _CRT_SECURE_NO_WARNINGS. See online help for details.
  c:\program files (x86)\windows kits\10\include\10.0.10240.0\ucrt\stdio.h(1193): note: see declaration of 'fscanf'
d:\gameengine cpp\gameengine\gameengine\objloader.cpp(76): warning C4996: 'fscanf': This function or variable may be unsafe. Consider using fscanf_s instead. To disable deprecation, use _CRT_SECURE_NO_WARNINGS. See online help for details.
  c:\program files (x86)\windows kits\10\include\10.0.10240.0\ucrt\stdio.h(1193): note: see declaration of 'fscanf'
d:\gameengine cpp\gameengine\gameengine\objloader.cpp(81): warning C4996: 'fscanf': This function or variable may be unsafe. Consider using fscanf_s instead. To disable deprecation, use _CRT_SECURE_NO_WARNINGS. See online help for details.
  c:\program files (x86)\windows kits\10\include\10.0.10240.0\ucrt\stdio.h(1193): note: see declaration of 'fscanf'
d:\gameengine cpp\gameengine\gameengine\objloader.cpp(87): warning C4996: 'fscanf': This function or variable may be unsafe. Consider using fscanf_s instead. To disable deprecation, use _CRT_SECURE_NO_WARNINGS. See online help for details.
  c:\program files (x86)\windows kits\10\include\10.0.10240.0\ucrt\stdio.h(1193): note: see declaration of 'fscanf'
d:\gameengine cpp\gameengine\gameengine\objloader.cpp(93): warning C4996: 'fscanf': This function or variable may be unsafe. Consider using fscanf_s instead. To disable deprecation, use _CRT_SECURE_NO_WARNINGS. See online help for details.
  c:\program files (x86)\windows kits\10\include\10.0.10240.0\ucrt\stdio.h(1193): note: see declaration of 'fscanf'
  StaticShader.cpp
d:\gameengine cpp\gameengine\gameengine\player.h(12): warning C4305: 'initializing': truncation from 'double' to 'const float'
d:\gameengine cpp\gameengine\gameengine\camera.h(10): warning C4305: 'initializing': truncation from 'double' to 'float'
d:\gameengine cpp\gameengine\gameengine\staticshader.h(42): warning C4018: '<': signed/unsigned mismatch
  Rendrer.cpp
d:\gameengine cpp\gameengine\gameengine\player.h(12): warning C4305: 'initializing': truncation from 'double' to 'const float'
d:\gameengine cpp\gameengine\gameengine\camera.h(10): warning C4305: 'initializing': truncation from 'double' to 'float'
d:\gameengine cpp\gameengine\gameengine\staticshader.h(42): warning C4018: '<': signed/unsigned mismatch
d:\gameengine cpp\gameengine\gameengine\terrainshader.h(43): warning C4018: '<': signed/unsigned mismatch
d:\gameengine cpp\gameengine\gameengine\rendrer.cpp(46): warning C4244: 'argument': conversion from 'int' to 'float', possible loss of data
d:\gameengine cpp\gameengine\gameengine\rendrer.cpp(53): warning C4244: 'argument': conversion from 'int' to 'float', possible loss of data
  RenderMaster.cpp
d:\gameengine cpp\gameengine\gameengine\player.h(12): warning C4305: 'initializing': truncation from 'double' to 'const float'
d:\gameengine cpp\gameengine\gameengine\camera.h(10): warning C4305: 'initializing': truncation from 'double' to 'float'
d:\gameengine cpp\gameengine\gameengine\staticshader.h(42): warning C4018: '<': signed/unsigned mismatch
d:\gameengine cpp\gameengine\gameengine\terrainshader.h(43): warning C4018: '<': signed/unsigned mismatch
  Generating Code...
  GameEngine.vcxproj -> D:\GameEngine CPP\GameEngine\Debug\GameEngine.exe
  GameEngine.vcxproj -> D:\GameEngine CPP\GameEngine\Debug\GameEngine.pdb (Full PDB)
