  main.cpp
d:\gameengine cpp\gameengine\gameengine\Player.h(12): warning C4305: 'initializing': truncation from 'double' to 'const float'
d:\gameengine cpp\gameengine\gameengine\Camera.h(10): warning C4305: 'initializing': truncation from 'double' to 'float'
d:\gameengine cpp\gameengine\gameengine\StaticShader.h(42): warning C4018: '<': signed/unsigned mismatch
d:\gameengine cpp\gameengine\gameengine\TerrainShader.h(43): warning C4018: '<': signed/unsigned mismatch
main.cpp(145): warning C4305: '=': truncation from 'double' to 'float'
main.cpp(146): warning C4305: '=': truncation from 'double' to 'float'
main.cpp(151): warning C4305: 'argument': truncation from 'double' to 'float'
main.cpp(153): warning C4305: 'argument': truncation from 'double' to 'float'
main.cpp(155): warning C4305: 'argument': truncation from 'double' to 'float'
main.cpp(157): warning C4305: 'argument': truncation from 'double' to 'float'
main.cpp(175): warning C4244: '=': conversion from 'int' to 'float', possible loss of data
main.cpp(176): warning C4244: '=': conversion from 'int' to 'float', possible loss of data
main.cpp(182): warning C4244: 'argument': conversion from 'double' to 'float', possible loss of data
main.cpp(198): warning C4305: 'argument': truncation from 'double' to 'float'
main.cpp(291): warning C4244: '+=': conversion from 'double' to 'float', possible loss of data
main.cpp(295): warning C4244: '-=': conversion from 'double' to 'float', possible loss of data
main.cpp(304): warning C4244: '-=': conversion from 'double' to 'float', possible loss of data
main.cpp(308): warning C4244: '-=': conversion from 'double' to 'float', possible loss of data
SOIL.lib(SOIL.obj) : warning LNK4075: ignoring '/EDITANDCONTINUE' due to '/OPT:ICF' specification
LINK : warning LNK4098: defaultlib 'MSVCRTD' conflicts with use of other libs; use /NODEFAULTLIB:library
  Generating code
  1 of 1420 functions ( 0.1%) were compiled, the rest were copied from previous compilation.
    0 functions were new in current compilation
    0 functions had inline decision re-evaluated but remain unchanged
  Finished generating code
  GameEngine.vcxproj -> D:\GameEngine CPP\GameEngine\Release\GameEngine.exe
  GameEngine.vcxproj -> D:\GameEngine CPP\GameEngine\Release\GameEngine.pdb (Full PDB)
