d:\gameengine cpp\gameengine\gameengine\release\vc140.pdb
d:\gameengine cpp\gameengine\gameengine\release\texturemodel.obj
d:\gameengine cpp\gameengine\gameengine\release\terraintexturepack.obj
d:\gameengine cpp\gameengine\gameengine\release\terrainshader.obj
d:\gameengine cpp\gameengine\gameengine\release\terrainrenderer.obj
d:\gameengine cpp\gameengine\gameengine\release\terrain.obj
d:\gameengine cpp\gameengine\gameengine\release\staticshader.obj
d:\gameengine cpp\gameengine\gameengine\release\shader.obj
d:\gameengine cpp\gameengine\gameengine\release\rendrer.obj
d:\gameengine cpp\gameengine\gameengine\release\rendermaster.obj
d:\gameengine cpp\gameengine\gameengine\release\rawmodel.obj
d:\gameengine cpp\gameengine\gameengine\release\player.obj
d:\gameengine cpp\gameengine\gameengine\release\objloader.obj
d:\gameengine cpp\gameengine\gameengine\release\modeltexture.obj
d:\gameengine cpp\gameengine\gameengine\release\mats.obj
d:\gameengine cpp\gameengine\gameengine\release\main.obj
d:\gameengine cpp\gameengine\gameengine\release\loader.obj
d:\gameengine cpp\gameengine\gameengine\release\light.obj
d:\gameengine cpp\gameengine\gameengine\release\entity.obj
d:\gameengine cpp\gameengine\gameengine\release\camera.obj
d:\gameengine cpp\gameengine\release\gameengine.exe
d:\gameengine cpp\gameengine\release\gameengine.ipdb
d:\gameengine cpp\gameengine\release\gameengine.iobj
d:\gameengine cpp\gameengine\release\gameengine.pdb
d:\gameengine cpp\gameengine\gameengine\release\gameengine.tlog\cl.command.1.tlog
d:\gameengine cpp\gameengine\gameengine\release\gameengine.tlog\cl.read.1.tlog
d:\gameengine cpp\gameengine\gameengine\release\gameengine.tlog\cl.write.1.tlog
d:\gameengine cpp\gameengine\gameengine\release\gameengine.tlog\link.command.1.tlog
d:\gameengine cpp\gameengine\gameengine\release\gameengine.tlog\link.read.1.tlog
d:\gameengine cpp\gameengine\gameengine\release\gameengine.tlog\link.write.1.tlog
